<?xml version="1.0" encoding="UTF-8"?>
<!-- Generated by org.testng.reporters.JUnitReportReporter -->
<testsuite hostname="DESKTOP-C4941E1" failures="0" tests="2" name="Home_page.CreditCard_to_CheckMail" time="249.209" errors="0" timestamp="2024-02-28T19:10:31 IST" skipped="0">
  <testcase classname="Home_page.CreditCard_to_CheckMail" name="CreditCard_CheckMail_Processing" time="168.330"/>
  <system-out/>
  <testcase classname="Home_page.CreditCard_to_CheckMail" name="CreditCard_CheckMail_Save" time="80.879"/>
  <system-out/>
</testsuite> <!-- Home_page.CreditCard_to_CheckMail -->
