<?xml version="1.0" encoding="UTF-8"?>
<!-- Generated by org.testng.reporters.JUnitReportReporter -->
<testsuite hostname="DESKTOP-C4941E1" failures="0" tests="1" name="Home_page.CloudBank_ACH" time="78.304" errors="0" timestamp="2024-05-29T18:51:47 IST" skipped="0">
  <testcase classname="Home_page.CloudBank_ACH" name="CloudBank__ACH" time="78.304"/>
  <system-out/>
</testsuite> <!-- Home_page.CloudBank_ACH -->
