<?xml version="1.0" encoding="UTF-8"?>
<!-- Generated by org.testng.reporters.JUnitReportReporter -->
<testsuite hostname="DESKTOP-C4941E1" failures="0" tests="2" name="Home_page.Bank_WIre" time="175.875" errors="0" timestamp="2024-02-26T13:22:51 IST" skipped="0">
  <testcase classname="Home_page.Bank_WIre" name="Bank_Wire_Processing" time="87.199"/>
  <system-out/>
  <testcase classname="Home_page.Bank_WIre" name="Bank_Wire_Save" time="88.676"/>
  <system-out/>
</testsuite> <!-- Home_page.Bank_WIre -->
