<?xml version="1.0" encoding="UTF-8"?>
<!-- Generated by org.testng.reporters.JUnitReportReporter -->
<testsuite hostname="DESKTOP-C4941E1" failures="0" tests="1" name="Home_page.Bank_Check" time="151.063" errors="0" timestamp="2024-02-26T13:39:15 IST" skipped="0">
  <testcase classname="Home_page.Bank_Check" name="Bank_Check_Mail" time="151.063"/>
  <system-out/>
</testsuite> <!-- Home_page.Bank_Check -->
