<?xml version="1.0" encoding="UTF-8"?>
<!-- Generated by org.testng.reporters.JUnitReportReporter -->
<testsuite hostname="DESKTOP-C4941E1" failures="0" tests="2" name="Home_page.CreditCard_to_ACH" time="280.953" errors="0" timestamp="2024-02-28T19:10:31 IST" skipped="0">
  <testcase classname="Home_page.CreditCard_to_ACH" name="CreditCard_ACH_Save" time="150.198"/>
  <system-out/>
  <testcase classname="Home_page.CreditCard_to_ACH" name="CreditCard_ACH_Processing" time="130.755"/>
  <system-out/>
</testsuite> <!-- Home_page.CreditCard_to_ACH -->
