<?xml version="1.0" encoding="UTF-8"?>
<!-- Generated by org.testng.reporters.JUnitReportReporter -->
<testsuite hostname="DESKTOP-C4941E1" failures="0" tests="2" name="Home_page.Wallet_to_Wire" time="197.273" errors="0" timestamp="2024-02-26T13:33:50 IST" skipped="0">
  <testcase classname="Home_page.Wallet_to_Wire" name="Wallet_Wire_Processing" time="98.696"/>
  <system-out/>
  <testcase classname="Home_page.Wallet_to_Wire" name="Wallet_Wire_Save" time="98.577"/>
  <system-out/>
</testsuite> <!-- Home_page.Wallet_to_Wire -->
