<?xml version="1.0" encoding="UTF-8"?>
<!-- Generated by org.testng.reporters.JUnitReportReporter -->
<testsuite hostname="DESKTOP-C4941E1" failures="0" tests="2" name="Home_page.Bank_VirtualCard" time="146.442" errors="0" timestamp="2024-02-28T19:10:31 IST" skipped="0">
  <testcase classname="Home_page.Bank_VirtualCard" name="Bank_Virtual_Card_Processing" time="75.659"/>
  <system-out/>
  <testcase classname="Home_page.Bank_VirtualCard" name="Bank_Virtual_Card_Save" time="70.783"/>
  <system-out/>
</testsuite> <!-- Home_page.Bank_VirtualCard -->
