<?xml version="1.0" encoding="UTF-8"?>
<!-- Generated by org.testng.reporters.JUnitReportReporter -->
<testsuite hostname="DESKTOP-C4941E1" failures="0" tests="2" name="Home_page.Bank_WIre" time="172.949" errors="0" timestamp="2024-02-28T19:10:31 IST" skipped="0">
  <testcase classname="Home_page.Bank_WIre" name="Bank_Wire_Processing" time="86.448"/>
  <system-out/>
  <testcase classname="Home_page.Bank_WIre" name="Bank_Wire_Save" time="86.501"/>
  <system-out/>
</testsuite> <!-- Home_page.Bank_WIre -->
