<?xml version="1.0" encoding="UTF-8"?>
<!-- Generated by org.testng.reporters.JUnitReportReporter -->
<testsuite hostname="DESKTOP-C4941E1" failures="0" tests="2" name="Home_page.Bank_VirtualCard" time="147.312" errors="0" timestamp="2024-02-26T13:22:51 IST" skipped="0">
  <testcase classname="Home_page.Bank_VirtualCard" name="Bank_Virtual_Card_Processing" time="76.206"/>
  <system-out/>
  <testcase classname="Home_page.Bank_VirtualCard" name="Bank_Virtual_Card_Save" time="71.106"/>
  <system-out/>
</testsuite> <!-- Home_page.Bank_VirtualCard -->
