<?xml version="1.0" encoding="UTF-8"?>
<!-- Generated by org.testng.reporters.JUnitReportReporter -->
<testsuite hostname="DESKTOP-C4941E1" failures="0" tests="1" name="Home_page.CloudBnak_Wire_Domestic" time="70.686" errors="0" timestamp="2024-02-26T13:22:51 IST" skipped="0">
  <testcase classname="Home_page.CloudBnak_Wire_Domestic" name="CloudBank__Wire_Domestic" time="70.686"/>
  <system-out/>
</testsuite> <!-- Home_page.CloudBnak_Wire_Domestic -->
