<?xml version="1.0" encoding="UTF-8"?>
<!-- Generated by org.testng.reporters.JUnitReportReporter -->
<testsuite hostname="DESKTOP-C4941E1" failures="0" tests="2" name="Home_page.Wallet_to_ACH" time="147.469" errors="0" timestamp="2024-02-28T19:10:31 IST" skipped="0">
  <testcase classname="Home_page.Wallet_to_ACH" name="Wallet__ACH_Processing" time="73.883"/>
  <system-out/>
  <testcase classname="Home_page.Wallet_to_ACH" name="Wallet__ACH_Save" time="73.586"/>
  <system-out/>
</testsuite> <!-- Home_page.Wallet_to_ACH -->
