<?xml version="1.0" encoding="UTF-8"?>
<!-- Generated by org.testng.reporters.JUnitReportReporter -->
<testsuite hostname="DESKTOP-C4941E1" failures="0" tests="2" name="Home_page.Wallet_to_VirtualCard" time="159.971" errors="0" timestamp="2024-05-29T18:49:16 IST" skipped="0">
  <testcase classname="Home_page.Wallet_to_VirtualCard" name="Wallet_VirtualCard_Processing" time="82.762"/>
  <system-out/>
  <testcase classname="Home_page.Wallet_to_VirtualCard" name="Wallet_VirtualCard_Save" time="77.209"/>
  <system-out/>
</testsuite> <!-- Home_page.Wallet_to_VirtualCard -->
