<?xml version="1.0" encoding="UTF-8"?>
<!-- Generated by org.testng.reporters.JUnitReportReporter -->
<testsuite hostname="DESKTOP-C4941E1" failures="0" tests="1" name="Home_page.CloudBank_Wire_International" time="84.827" errors="0" timestamp="2024-02-28T19:10:31 IST" skipped="0">
  <testcase classname="Home_page.CloudBank_Wire_International" name="CloudBank_Wire__International" time="84.827"/>
  <system-out/>
</testsuite> <!-- Home_page.CloudBank_Wire_International -->
