<?xml version="1.0" encoding="UTF-8"?>
<!-- Generated by org.testng.reporters.JUnitReportReporter -->
<testsuite hostname="DESKTOP-C4941E1" failures="0" tests="2" name="Home_page.Bank_ACH" time="167.351" errors="0" timestamp="2024-08-04T15:54:56 IST" skipped="0">
  <testcase classname="Home_page.Bank_ACH" name="Bank_ACH_Processing" time="88.563"/>
  <system-out/>
  <testcase classname="Home_page.Bank_ACH" name="Bank_ACH_Save" time="78.788"/>
  <system-out/>
</testsuite> <!-- Home_page.Bank_ACH -->
