<?xml version="1.0" encoding="UTF-8"?>
<!-- Generated by org.testng.reporters.JUnitReportReporter -->
<testsuite hostname="DESKTOP-C4941E1" failures="0" tests="2" name="Home_page.Wallet_to_CheckMail" time="208.633" errors="0" timestamp="2024-02-28T19:10:31 IST" skipped="0">
  <testcase classname="Home_page.Wallet_to_CheckMail" name="Wallet_CheckMail_Processing" time="133.059"/>
  <system-out/>
  <testcase classname="Home_page.Wallet_to_CheckMail" name="Wallet_CheckMail_Save" time="75.574"/>
  <system-out/>
</testsuite> <!-- Home_page.Wallet_to_CheckMail -->
