<?xml version="1.0" encoding="UTF-8"?>
<!-- Generated by org.testng.reporters.JUnitReportReporter -->
<testsuite hostname="DESKTOP-C4941E1" failures="0" tests="2" name="Home_page.CreditCard_to_VirtualCard" time="177.684" errors="0" timestamp="2024-02-28T19:10:31 IST" skipped="0">
  <testcase classname="Home_page.CreditCard_to_VirtualCard" name="CreditCard_VirtualCard_Processing" time="98.621"/>
  <system-out/>
  <testcase classname="Home_page.CreditCard_to_VirtualCard" name="CreditCard_VirtualCard_Save" time="79.063"/>
  <system-out/>
</testsuite> <!-- Home_page.CreditCard_to_VirtualCard -->
