<?xml version="1.0" encoding="UTF-8"?>
<!-- Generated by org.testng.reporters.JUnitReportReporter -->
<testsuite hostname="DESKTOP-C4941E1" failures="0" tests="2" name="Home_page.CreditCard_to_CheckMail" time="181.102" errors="0" timestamp="2024-02-26T13:22:51 IST" skipped="0">
  <testcase classname="Home_page.CreditCard_to_CheckMail" name="CreditCard_CheckMail_Processing" time="100.311"/>
  <system-out/>
  <testcase classname="Home_page.CreditCard_to_CheckMail" name="CreditCard_CheckMail_Save" time="80.791"/>
  <system-out/>
</testsuite> <!-- Home_page.CreditCard_to_CheckMail -->
