<?xml version="1.0" encoding="UTF-8"?>
<!-- Generated by org.testng.reporters.JUnitReportReporter -->
<testsuite hostname="DESKTOP-C4941E1" failures="0" tests="2" name="Home_page.Bank_VirtualCard" time="161.830" errors="0" timestamp="2024-07-26T14:24:57 IST" skipped="0">
  <testcase classname="Home_page.Bank_VirtualCard" name="Bank_Virtual_Card_Save" time="77.414"/>
  <system-out/>
  <testcase classname="Home_page.Bank_VirtualCard" name="Bank_Virtual_Card_Processing" time="84.416"/>
  <system-out/>
</testsuite> <!-- Home_page.Bank_VirtualCard -->
